<?xml version="1.0"?><coverage lines-covered="665" lines-valid="3701" line-rate="0.17968116725209402" branches-covered="0" branches-valid="0" branch-rate="0" complexity="0" version="1.9" timestamp="1713592715"><sources><source>/home/runner/work/yakman/yakman/backend</source></sources><packages><package name="src/adapters" line-rate="0.09949302915082382" branch-rate="0" complexity="0"><classes><class name="errors" filename="src/adapters/errors.rs" line-rate="0" branch-rate="0" complexity="0"><methods/><lines><line number="15" hits="0"/><line number="24" hits="0"/><line number="25" hits="0"/><line number="30" hits="0"/><line number="31" hits="0"/><line number="36" hits="0"/><line number="37" hits="0"/><line number="42" hits="0"/><line number="43" hits="0"/><line number="48" hits="0"/><line number="50" hits="0"/><line number="51" hits="0"/></lines></class></classes></package><package name="src/auth" line-rate="0.0364963503649635" branch-rate="0" complexity="0"><classes><class name="oauth_service" filename="src/auth/oauth_service.rs" line-rate="0" branch-rate="0" complexity="0"><methods/><lines><line number="50" hits="0"/><line number="51" hits="0"/><line number="57" hits="0"/><line number="58" hits="0"/><line number="59" hits="0"/><line number="61" hits="0"/><line number="63" hits="0"/><line number="65" hits="0"/><line number="66" hits="0"/><line number="67" hits="0"/><line number="68" hits="0"/><line number="69" hits="0"/><line number="76" hits="0"/><line number="80" hits="0"/><line number="81" hits="0"/><line number="84" hits="0"/><line number="88" hits="0"/><line number="89" hits="0"/><line number="92" hits="0"/><line number="101" hits="0"/><line number="103" hits="0"/><line number="105" hits="0"/><line number="106" hits="0"/><line number="107" hits="0"/><line number="109" hits="0"/><line number="110" hits="0"/><line number="112" hits="0"/><line number="113" hits="0"/><line number="117" hits="0"/><line number="118" hits="0"/><line number="120" hits="0"/><line number="122" hits="0"/><line number="124" hits="0"/><line number="126" hits="0"/><line number="130" hits="0"/><line number="132" hits="0"/><line number="133" hits="0"/><line number="134" hits="0"/><line number="137" hits="0"/><line number="138" hits="0"/><line number="139" hits="0"/><line number="142" hits="0"/><line number="146" hits="0"/><line number="147" hits="0"/><line number="148" hits="0"/><line number="149" hits="0"/><line number="150" hits="0"/><line number="154" hits="0"/><line number="161" hits="0"/><line number="162" hits="0"/><line number="163" hits="0"/><line number="165" hits="0"/><line number="167" hits="0"/><line number="168" hits="0"/><line number="170" hits="0"/><line number="172" hits="0"/><line number="173" hits="0"/><line number="180" hits="0"/><line number="182" hits="0"/><line number="184" hits="0"/><line number="188" hits="0"/><line number="203" hits="0"/><line number="207" hits="0"/><line number="208" hits="0"/><line number="217" hits="0"/><line number="224" hits="0"/><line number="228" hits="0"/><line number="229" hits="0"/><line number="232" hits="0"/><line number="234" hits="0"/><line number="235" hits="0"/><line number="237" hits="0"/><line number="243" hits="0"/><line number="245" hits="0"/><line number="247" hits="0"/><line number="250" hits="0"/><line number="252" hits="0"/><line number="253" hits="0"/><line number="255" hits="0"/><line number="258" hits="0"/><line number="259" hits="0"/><line number="260" hits="0"/><line number="264" hits="0"/><line number="265" hits="0"/><line number="266" hits="0"/><line number="267" hits="0"/><line number="271" hits="0"/><line number="272" hits="0"/><line number="273" hits="0"/></lines></class><class name="token" filename="src/auth/token.rs" line-rate="0.10416666666666667" branch-rate="0" complexity="0"><methods/><lines><line number="61" hits="0"/><line number="62" hits="0"/><line number="63" hits="0"/><line number="64" hits="0"/><line number="65" hits="0"/><line number="67" hits="0"/><line number="68" hits="0"/><line number="71" hits="0"/><line number="73" hits="0"/><line number="74" hits="0"/><line number="75" hits="0"/><line number="83" hits="0"/><line number="88" hits="0"/><line number="89" hits="0"/><line number="91" hits="0"/><line number="92" hits="0"/><line number="94" hits="0"/><line number="97" hits="0"/><line number="98" hits="0"/><line number="99" hits="0"/><line number="100" hits="0"/><line number="102" hits="0"/><line number="104" hits="0"/><line number="106" hits="0"/><line number="108" hits="0"/><line number="109" hits="0"/><line number="110" hits="0"/><line number="114" hits="1"/><line number="115" hits="1"/><line number="120" hits="1"/><line number="124" hits="1"/><line number="126" hits="0"/><line number="127" hits="2"/><line number="130" hits="0"/><line number="131" hits="0"/><line number="132" hits="0"/><line number="133" hits="0"/><line number="135" hits="0"/><line number="137" hits="0"/><line number="140" hits="0"/><line number="141" hits="0"/><line number="144" hits="0"/><line number="147" hits="0"/><line number="148" hits="0"/><line number="185" hits="0"/><line number="186" hits="0"/><line number="191" hits="0"/><line number="192" hits="0"/></lines></class></classes></package><package name="src/adapters/in_memory" line-rate="0.6487603305785123" branch-rate="0" complexity="0"><classes><class name="in_memory_adapter" filename="src/adapters/in_memory/in_memory_adapter.rs" line-rate="0.6487603305785123" branch-rate="0" complexity="0"><methods/><lines><line number="24" hits="8"/><line number="25" hits="2"/><line number="26" hits="6"/><line number="27" hits="2"/><line number="30" hits="8"/><line number="31" hits="6"/><line number="32" hits="3"/><line number="33" hits="2"/><line number="40" hits="3"/><line number="41" hits="1"/><line number="42" hits="3"/><line number="50" hits="2"/><line number="51" hits="2"/><line number="52" hits="2"/><line number="55" hits="4"/><line number="56" hits="1"/><line number="57" hits="2"/><line number="58" hits="1"/><line number="61" hits="4"/><line number="62" hits="1"/><line number="63" hits="3"/><line number="64" hits="1"/><line number="71" hits="2"/><line number="72" hits="2"/><line number="74" hits="3"/><line number="78" hits="6"/><line number="79" hits="5"/><line number="80" hits="6"/><line number="81" hits="1"/><line number="84" hits="4"/><line number="85" hits="1"/><line number="86" hits="3"/><line number="87" hits="2"/><line number="90" hits="10"/><line number="91" hits="7"/><line number="92" hits="2"/><line number="93" hits="3"/><line number="101" hits="0"/><line number="104" hits="0"/><line number="105" hits="0"/><line number="116" hits="0"/><line number="117" hits="0"/><line number="118" hits="0"/><line number="125" hits="0"/><line number="126" hits="0"/><line number="127" hits="0"/><line number="135" hits="1"/><line number="136" hits="3"/><line number="137" hits="2"/><line number="138" hits="1"/><line number="141" hits="0"/><line number="142" hits="0"/><line number="143" hits="0"/><line number="151" hits="0"/><line number="152" hits="0"/><line number="153" hits="0"/><line number="161" hits="0"/><line number="162" hits="0"/><line number="163" hits="0"/><line number="164" hits="0"/><line number="165" hits="0"/><line number="167" hits="0"/><line number="168" hits="0"/><line number="176" hits="0"/><line number="177" hits="0"/><line number="178" hits="0"/><line number="181" hits="3"/><line number="183" hits="2"/><line number="186" hits="11"/><line number="188" hits="4"/><line number="191" hits="4"/><line number="192" hits="1"/><line number="193" hits="3"/><line number="194" hits="1"/><line number="197" hits="0"/><line number="198" hits="0"/><line number="200" hits="0"/><line number="201" hits="0"/><line number="202" hits="0"/><line number="206" hits="0"/><line number="213" hits="0"/><line number="215" hits="0"/><line number="216" hits="0"/><line number="217" hits="0"/><line number="221" hits="0"/><line number="228" hits="1"/><line number="236" hits="1"/><line number="237" hits="1"/><line number="238" hits="1"/><line number="241" hits="4"/><line number="242" hits="3"/><line number="243" hits="2"/><line number="244" hits="1"/><line number="247" hits="4"/><line number="248" hits="1"/><line number="249" hits="3"/><line number="250" hits="1"/><line number="253" hits="4"/><line number="254" hits="3"/><line number="255" hits="2"/><line number="256" hits="1"/><line number="264" hits="0"/><line number="265" hits="0"/><line number="266" hits="0"/><line number="268" hits="0"/><line number="269" hits="0"/><line number="276" hits="0"/><line number="277" hits="0"/><line number="278" hits="0"/><line number="285" hits="0"/><line number="286" hits="0"/><line number="287" hits="0"/><line number="295" hits="0"/><line number="296" hits="0"/><line number="297" hits="0"/><line number="299" hits="0"/><line number="300" hits="0"/><line number="303" hits="0"/><line number="304" hits="0"/><line number="305" hits="0"/><line number="308" hits="4"/><line number="309" hits="1"/><line number="310" hits="3"/><line number="311" hits="1"/><line number="314" hits="12"/><line number="315" hits="9"/><line number="316" hits="6"/><line number="317" hits="3"/><line number="324" hits="5"/><line number="325" hits="1"/><line number="326" hits="6"/><line number="334" hits="3"/><line number="335" hits="3"/><line number="336" hits="3"/><line number="339" hits="0"/><line number="340" hits="0"/><line number="341" hits="0"/><line number="342" hits="0"/><line number="345" hits="0"/><line number="346" hits="0"/><line number="347" hits="0"/><line number="348" hits="0"/><line number="355" hits="7"/><line number="356" hits="2"/><line number="357" hits="3"/><line number="360" hits="0"/><line number="361" hits="0"/><line number="363" hits="0"/><line number="365" hits="0"/><line number="368" hits="0"/><line number="370" hits="0"/><line number="372" hits="0"/><line number="373" hits="0"/><line number="374" hits="0"/><line number="377" hits="0"/><line number="378" hits="0"/><line number="381" hits="0"/><line number="384" hits="7"/><line number="385" hits="2"/><line number="386" hits="3"/><line number="387" hits="6"/><line number="388" hits="7"/><line number="391" hits="4"/><line number="392" hits="4"/><line number="393" hits="1"/><line number="394" hits="6"/><line number="395" hits="2"/><line number="396" hits="4"/><line number="399" hits="3"/><line number="400" hits="4"/><line number="401" hits="2"/><line number="402" hits="5"/><line number="405" hits="4"/><line number="406" hits="4"/><line number="407" hits="3"/><line number="408" hits="4"/><line number="409" hits="4"/><line number="412" hits="4"/><line number="413" hits="4"/><line number="414" hits="1"/><line number="415" hits="4"/><line number="416" hits="4"/><line number="419" hits="4"/><line number="420" hits="4"/><line number="421" hits="3"/><line number="422" hits="2"/><line number="423" hits="6"/><line number="424" hits="4"/><line number="427" hits="1"/><line number="428" hits="4"/><line number="429" hits="9"/><line number="430" hits="9"/><line number="431" hits="4"/><line number="434" hits="1"/><line number="440" hits="9"/><line number="441" hits="4"/><line number="442" hits="4"/><line number="445" hits="12"/><line number="446" hits="4"/><line number="449" hits="5"/><line number="450" hits="2"/><line number="453" hits="4"/><line number="457" hits="8"/><line number="458" hits="8"/><line number="460" hits="4"/><line number="461" hits="8"/><line number="464" hits="1"/><line number="467" hits="2"/><line number="468" hits="2"/><line number="471" hits="1"/><line number="472" hits="3"/><line number="475" hits="3"/><line number="476" hits="1"/><line number="479" hits="3"/><line number="480" hits="1"/><line number="483" hits="1"/><line number="484" hits="3"/><line number="487" hits="3"/><line number="488" hits="1"/><line number="491" hits="1"/><line number="492" hits="3"/><line number="495" hits="1"/><line number="496" hits="1"/><line number="499" hits="0"/><line number="500" hits="0"/><line number="503" hits="0"/><line number="504" hits="0"/><line number="507" hits="0"/><line number="508" hits="0"/><line number="511" hits="2"/><line number="512" hits="2"/><line number="515" hits="1"/><line number="516" hits="1"/><line number="519" hits="3"/><line number="520" hits="3"/><line number="523" hits="0"/><line number="524" hits="0"/><line number="527" hits="0"/><line number="528" hits="0"/><line number="531" hits="2"/><line number="532" hits="2"/><line number="533" hits="2"/></lines></class></classes></package><package name="src/services" line-rate="0.2972972972972973" branch-rate="0" complexity="0"><classes><class name="id" filename="src/services/id.rs" line-rate="1" branch-rate="0" complexity="0"><methods/><lines><line number="3" hits="2"/><line number="4" hits="2"/><line number="7" hits="1"/><line number="8" hits="1"/><line number="11" hits="1"/><line number="12" hits="1"/><line number="15" hits="1"/><line number="16" hits="1"/><line number="19" hits="1"/><line number="20" hits="1"/><line number="23" hits="2"/><line number="24" hits="3"/><line number="28" hits="2"/><line number="29" hits="2"/><line number="30" hits="4"/></lines></class><class name="kv_storage_service" filename="src/services/kv_storage_service.rs" line-rate="0.29222520107238603" branch-rate="0" complexity="0"><methods/><lines><line number="53" hits="4"/><line number="54" hits="1"/><line number="61" hits="1"/><line number="68" hits="2"/><line number="69" hits="4"/><line number="77" hits="4"/><line number="80" hits="5"/><line number="81" hits="2"/><line number="82" hits="0"/><line number="83" hits="0"/><line number="88" hits="2"/><line number="90" hits="4"/><line number="93" hits="2"/><line number="94" hits="2"/><line number="98" hits="10"/><line number="99" hits="4"/><line number="100" hits="8"/><line number="102" hits="4"/><line number="103" hits="2"/><line number="104" hits="2"/><line number="107" hits="1"/><line number="109" hits="4"/><line number="118" hits="2"/><line number="121" hits="3"/><line number="123" hits="2"/><line number="124" hits="1"/><line number="125" hits="1"/><line number="130" hits="2"/><line number="131" hits="0"/><line number="133" hits="4"/><line number="134" hits="0"/><line number="137" hits="2"/><line number="139" hits="2"/><line number="140" hits="2"/><line number="141" hits="2"/><line number="143" hits="5"/><line number="144" hits="1"/><line number="145" hits="3"/><line number="146" hits="2"/><line number="148" hits="1"/><line number="151" hits="8"/><line number="152" hits="2"/><line number="153" hits="1"/><line number="155" hits="1"/><line number="157" hits="4"/><line number="158" hits="0"/><line number="161" hits="2"/><line number="164" hits="2"/><line number="166" hits="3"/><line number="168" hits="1"/><line number="171" hits="3"/><line number="172" hits="0"/><line number="173" hits="0"/><line number="174" hits="0"/><line number="175" hits="0"/><line number="176" hits="0"/><line number="180" hits="0"/><line number="183" hits="0"/><line number="184" hits="0"/><line number="185" hits="0"/><line number="189" hits="2"/><line number="191" hits="1"/><line number="194" hits="2"/><line number="195" hits="2"/><line number="196" hits="0"/><line number="198" hits="2"/><line number="199" hits="2"/><line number="201" hits="1"/><line number="208" hits="2"/><line number="209" hits="4"/><line number="212" hits="4"/><line number="213" hits="1"/><line number="216" hits="5"/><line number="217" hits="2"/><line number="220" hits="2"/><line number="223" hits="2"/><line number="224" hits="0"/><line number="227" hits="1"/><line number="229" hits="2"/><line number="232" hits="3"/><line number="233" hits="2"/><line number="234" hits="0"/><line number="238" hits="2"/><line number="240" hits="2"/><line number="242" hits="2"/><line number="253" hits="0"/><line number="254" hits="0"/><line number="255" hits="0"/><line number="256" hits="0"/><line number="257" hits="0"/><line number="258" hits="0"/><line number="260" hits="0"/><line number="261" hits="0"/><line number="265" hits="0"/><line number="266" hits="0"/><line number="267" hits="0"/><line number="271" hits="0"/><line number="272" hits="0"/><line number="276" hits="0"/><line number="277" hits="0"/><line number="278" hits="0"/><line number="280" hits="0"/><line number="282" hits="0"/><line number="285" hits="0"/><line number="286" hits="0"/><line number="287" hits="0"/><line number="288" hits="0"/><line number="289" hits="0"/><line number="290" hits="0"/><line number="291" hits="0"/><line number="292" hits="0"/><line number="293" hits="0"/><line number="294" hits="0"/><line number="295" hits="0"/><line number="297" hits="0"/><line number="300" hits="0"/><line number="301" hits="0"/><line number="302" hits="0"/><line number="303" hits="0"/><line number="305" hits="0"/><line number="306" hits="0"/><line number="307" hits="0"/><line number="308" hits="0"/><line number="310" hits="0"/><line number="314" hits="0"/><line number="317" hits="0"/><line number="325" hits="5"/><line number="326" hits="1"/><line number="327" hits="3"/><line number="328" hits="0"/><line number="330" hits="4"/><line number="332" hits="1"/><line number="335" hits="1"/><line number="336" hits="1"/><line number="337" hits="1"/><line number="338" hits="2"/><line number="341" hits="0"/><line number="343" hits="0"/><line number="346" hits="0"/><line number="347" hits="0"/><line number="348" hits="0"/><line number="350" hits="0"/><line number="355" hits="2"/><line number="356" hits="1"/><line number="357" hits="1"/><line number="358" hits="1"/><line number="363" hits="5"/><line number="365" hits="1"/><line number="366" hits="1"/><line number="367" hits="1"/><line number="368" hits="1"/><line number="369" hits="1"/><line number="372" hits="3"/><line number="373" hits="1"/><line number="376" hits="7"/><line number="377" hits="2"/><line number="378" hits="4"/><line number="379" hits="0"/><line number="380" hits="0"/><line number="384" hits="14"/><line number="385" hits="2"/><line number="386" hits="11"/><line number="387" hits="0"/><line number="388" hits="0"/><line number="392" hits="20"/><line number="393" hits="4"/><line number="394" hits="12"/><line number="395" hits="0"/><line number="397" hits="4"/><line number="400" hits="4"/><line number="401" hits="1"/><line number="403" hits="3"/><line number="405" hits="3"/><line number="407" hits="1"/><line number="408" hits="2"/><line number="409" hits="1"/><line number="412" hits="0"/><line number="420" hits="0"/><line number="421" hits="0"/><line number="422" hits="0"/><line number="425" hits="0"/><line number="426" hits="0"/><line number="434" hits="0"/><line number="435" hits="0"/><line number="437" hits="0"/><line number="445" hits="0"/><line number="446" hits="0"/><line number="447" hits="0"/><line number="449" hits="0"/><line number="450" hits="0"/><line number="452" hits="0"/><line number="453" hits="0"/><line number="454" hits="0"/><line number="455" hits="0"/><line number="457" hits="0"/><line number="458" hits="0"/><line number="460" hits="0"/><line number="472" hits="0"/><line number="474" hits="0"/><line number="475" hits="0"/><line number="476" hits="0"/><line number="478" hits="0"/><line number="480" hits="0"/><line number="482" hits="0"/><line number="484" hits="0"/><line number="485" hits="0"/><line number="487" hits="0"/><line number="488" hits="0"/><line number="491" hits="0"/><line number="492" hits="0"/><line number="495" hits="0"/><line number="496" hits="0"/><line number="497" hits="0"/><line number="500" hits="0"/><line number="502" hits="0"/><line number="503" hits="0"/><line number="509" hits="0"/><line number="511" hits="0"/><line number="513" hits="0"/><line number="516" hits="0"/><line number="517" hits="0"/><line number="518" hits="0"/><line number="519" hits="0"/><line number="520" hits="0"/><line number="521" hits="0"/><line number="522" hits="0"/><line number="524" hits="0"/><line number="527" hits="0"/><line number="528" hits="0"/><line number="529" hits="0"/><line number="531" hits="0"/><line number="533" hits="0"/><line number="534" hits="0"/><line number="535" hits="0"/><line number="536" hits="0"/><line number="538" hits="0"/><line number="542" hits="0"/><line number="550" hits="0"/><line number="551" hits="0"/><line number="553" hits="0"/><line number="555" hits="0"/><line number="556" hits="0"/><line number="557" hits="0"/><line number="560" hits="0"/><line number="562" hits="0"/><line number="564" hits="0"/><line number="565" hits="0"/><line number="566" hits="0"/><line number="570" hits="0"/><line number="579" hits="0"/><line number="580" hits="0"/><line number="581" hits="0"/><line number="582" hits="0"/><line number="583" hits="0"/><line number="586" hits="0"/><line number="587" hits="0"/><line number="597" hits="0"/><line number="598" hits="0"/><line number="600" hits="0"/><line number="602" hits="0"/><line number="603" hits="0"/><line number="604" hits="0"/><line number="605" hits="0"/><line number="609" hits="0"/><line number="610" hits="0"/><line number="611" hits="0"/><line number="614" hits="0"/><line number="617" hits="0"/><line number="618" hits="0"/><line number="619" hits="0"/><line number="622" hits="0"/><line number="623" hits="0"/><line number="624" hits="0"/><line number="625" hits="0"/><line number="626" hits="0"/><line number="627" hits="0"/><line number="628" hits="0"/><line number="630" hits="0"/><line number="631" hits="0"/><line number="633" hits="0"/><line number="634" hits="0"/><line number="635" hits="0"/><line number="636" hits="0"/><line number="638" hits="0"/><line number="641" hits="0"/><line number="642" hits="0"/><line number="643" hits="0"/><line number="645" hits="0"/><line number="646" hits="0"/><line number="647" hits="0"/><line number="648" hits="0"/><line number="650" hits="0"/><line number="654" hits="0"/><line number="664" hits="0"/><line number="665" hits="0"/><line number="667" hits="0"/><line number="669" hits="0"/><line number="670" hits="0"/><line number="671" hits="0"/><line number="672" hits="0"/><line number="676" hits="0"/><line number="677" hits="0"/><line number="678" hits="0"/><line number="681" hits="0"/><line number="684" hits="0"/><line number="685" hits="0"/><line number="686" hits="0"/><line number="689" hits="0"/><line number="690" hits="0"/><line number="693" hits="0"/><line number="694" hits="0"/><line number="695" hits="0"/><line number="696" hits="0"/><line number="697" hits="0"/><line number="698" hits="0"/><line number="702" hits="0"/><line number="703" hits="0"/><line number="704" hits="0"/><line number="706" hits="0"/><line number="707" hits="0"/><line number="710" hits="0"/><line number="711" hits="0"/><line number="712" hits="0"/><line number="714" hits="0"/><line number="715" hits="0"/><line number="716" hits="0"/><line number="717" hits="0"/><line number="719" hits="0"/><line number="723" hits="0"/><line number="733" hits="0"/><line number="734" hits="0"/><line number="736" hits="0"/><line number="738" hits="0"/><line number="739" hits="0"/><line number="740" hits="0"/><line number="741" hits="0"/><line number="744" hits="0"/><line number="745" hits="0"/><line number="746" hits="0"/><line number="749" hits="0"/><line number="750" hits="0"/><line number="751" hits="0"/><line number="752" hits="0"/><line number="754" hits="0"/><line number="756" hits="0"/><line number="757" hits="0"/><line number="760" hits="0"/><line number="761" hits="0"/><line number="762" hits="0"/><line number="763" hits="0"/><line number="768" hits="0"/><line number="769" hits="0"/><line number="770" hits="0"/><line number="772" hits="0"/><line number="773" hits="0"/><line number="774" hits="0"/><line number="776" hits="0"/><line number="777" hits="0"/><line number="778" hits="0"/><line number="779" hits="0"/><line number="781" hits="0"/><line number="785" hits="0"/><line number="795" hits="0"/><line number="797" hits="0"/><line number="798" hits="0"/><line number="799" hits="0"/><line number="801" hits="0"/><line number="803" hits="0"/><line number="805" hits="0"/><line number="806" hits="0"/><line number="808" hits="0"/><line number="810" hits="0"/><line number="811" hits="0"/><line number="812" hits="0"/><line number="814" hits="0"/><line number="817" hits="0"/><line number="819" hits="0"/><line number="820" hits="0"/><line number="821" hits="0"/><line number="825" hits="0"/><line number="826" hits="0"/><line number="828" hits="0"/><line number="830" hits="0"/><line number="833" hits="0"/><line number="834" hits="0"/><line number="836" hits="0"/><line number="837" hits="0"/><line number="838" hits="0"/><line number="839" hits="0"/><line number="840" hits="0"/><line number="843" hits="0"/><line number="844" hits="0"/><line number="845" hits="0"/><line number="847" hits="0"/><line number="849" hits="0"/><line number="852" hits="0"/><line number="854" hits="0"/><line number="856" hits="0"/><line number="857" hits="0"/><line number="861" hits="0"/><line number="862" hits="0"/><line number="863" hits="0"/><line number="865" hits="0"/><line number="868" hits="0"/><line number="869" hits="0"/><line number="870" hits="0"/><line number="872" hits="0"/><line number="876" hits="0"/><line number="877" hits="0"/><line number="878" hits="0"/><line number="881" hits="0"/><line number="882" hits="0"/><line number="884" hits="0"/><line number="885" hits="0"/><line number="886" hits="0"/><line number="887" hits="0"/><line number="888" hits="0"/><line number="889" hits="0"/><line number="890" hits="0"/><line number="891" hits="0"/><line number="896" hits="0"/><line number="898" hits="0"/><line number="899" hits="0"/><line number="900" hits="0"/><line number="901" hits="0"/><line number="904" hits="0"/><line number="909" hits="0"/><line number="912" hits="4"/><line number="913" hits="1"/><line number="920" hits="0"/><line number="927" hits="0"/><line number="934" hits="1"/><line number="942" hits="0"/><line number="949" hits="2"/><line number="953" hits="1"/><line number="955" hits="2"/><line number="956" hits="1"/><line number="957" hits="1"/><line number="958" hits="1"/><line number="963" hits="1"/><line number="965" hits="1"/><line number="966" hits="1"/><line number="967" hits="1"/><line number="970" hits="5"/><line number="971" hits="1"/><line number="972" hits="3"/><line number="974" hits="2"/><line number="976" hits="1"/><line number="979" hits="4"/><line number="980" hits="1"/><line number="987" hits="1"/><line number="990" hits="5"/><line number="991" hits="1"/><line number="993" hits="2"/><line number="994" hits="4"/><line number="995" hits="0"/><line number="998" hits="1"/><line number="1000" hits="7"/><line number="1001" hits="5"/><line number="1002" hits="0"/><line number="1005" hits="1"/><line number="1008" hits="2"/><line number="1010" hits="6"/><line number="1011" hits="3"/><line number="1012" hits="3"/><line number="1015" hits="15"/><line number="1017" hits="3"/><line number="1018" hits="3"/><line number="1019" hits="3"/><line number="1020" hits="3"/><line number="1021" hits="3"/><line number="1022" hits="3"/><line number="1023" hits="3"/><line number="1026" hits="12"/><line number="1028" hits="3"/><line number="1030" hits="6"/><line number="1031" hits="2"/><line number="1032" hits="1"/><line number="1034" hits="2"/><line number="1035" hits="2"/><line number="1036" hits="0"/><line number="1040" hits="3"/><line number="1048" hits="1"/><line number="1050" hits="2"/><line number="1051" hits="3"/><line number="1053" hits="4"/><line number="1055" hits="0"/><line number="1058" hits="4"/><line number="1059" hits="0"/><line number="1061" hits="2"/><line number="1063" hits="2"/><line number="1064" hits="0"/><line number="1067" hits="1"/><line number="1069" hits="4"/><line number="1070" hits="0"/><line number="1071" hits="0"/><line number="1074" hits="0"/><line number="1077" hits="2"/><line number="1078" hits="2"/><line number="1079" hits="4"/><line number="1080" hits="4"/><line number="1081" hits="5"/><line number="1082" hits="0"/><line number="1085" hits="1"/><line number="1088" hits="2"/><line number="1089" hits="2"/><line number="1090" hits="2"/><line number="1091" hits="2"/><line number="1093" hits="2"/><line number="1094" hits="4"/><line number="1095" hits="1"/><line number="1096" hits="1"/><line number="1097" hits="2"/><line number="1098" hits="2"/><line number="1099" hits="0"/><line number="1104" hits="5"/><line number="1105" hits="1"/><line number="1106" hits="3"/><line number="1108" hits="3"/><line number="1110" hits="4"/><line number="1111" hits="0"/><line number="1112" hits="0"/><line number="1113" hits="0"/><line number="1114" hits="0"/><line number="1115" hits="0"/><line number="1116" hits="0"/><line number="1121" hits="2"/><line number="1124" hits="0"/><line number="1125" hits="0"/><line number="1126" hits="0"/><line number="1127" hits="0"/><line number="1130" hits="0"/><line number="1132" hits="0"/><line number="1133" hits="0"/><line number="1134" hits="0"/><line number="1135" hits="0"/><line number="1137" hits="0"/><line number="1141" hits="0"/><line number="1142" hits="0"/><line number="1143" hits="0"/><line number="1144" hits="0"/><line number="1145" hits="0"/><line number="1146" hits="0"/><line number="1150" hits="0"/><line number="1151" hits="0"/><line number="1153" hits="0"/><line number="1156" hits="4"/><line number="1157" hits="1"/><line number="1158" hits="1"/><line number="1159" hits="1"/><line number="1166" hits="0"/><line number="1167" hits="0"/><line number="1170" hits="0"/><line number="1171" hits="0"/><line number="1178" hits="0"/><line number="1179" hits="0"/><line number="1182" hits="0"/><line number="1183" hits="0"/><line number="1186" hits="5"/><line number="1187" hits="2"/><line number="1189" hits="2"/><line number="1190" hits="0"/><line number="1192" hits="2"/><line number="1195" hits="1"/><line number="1197" hits="1"/><line number="1200" hits="4"/><line number="1201" hits="1"/><line number="1203" hits="4"/><line number="1204" hits="2"/><line number="1207" hits="1"/><line number="1208" hits="1"/><line number="1216" hits="0"/><line number="1218" hits="0"/><line number="1219" hits="0"/><line number="1220" hits="0"/><line number="1222" hits="0"/><line number="1225" hits="0"/><line number="1226" hits="0"/><line number="1229" hits="0"/><line number="1232" hits="0"/><line number="1235" hits="0"/><line number="1237" hits="0"/><line number="1238" hits="0"/><line number="1239" hits="0"/><line number="1241" hits="0"/><line number="1242" hits="0"/><line number="1243" hits="0"/><line number="1247" hits="0"/><line number="1254" hits="0"/><line number="1255" hits="0"/><line number="1262" hits="0"/><line number="1263" hits="0"/><line number="1264" hits="0"/><line number="1267" hits="0"/><line number="1268" hits="0"/><line number="1270" hits="0"/><line number="1271" hits="0"/><line number="1273" hits="0"/><line number="1278" hits="0"/><line number="1281" hits="0"/><line number="1282" hits="0"/><line number="1283" hits="0"/><line number="1285" hits="0"/><line number="1286" hits="0"/><line number="1287" hits="0"/><line number="1296" hits="0"/><line number="1298" hits="0"/><line number="1299" hits="0"/><line number="1300" hits="0"/><line number="1302" hits="0"/><line number="1307" hits="0"/><line number="1308" hits="0"/><line number="1309" hits="0"/><line number="1311" hits="0"/><line number="1312" hits="0"/><line number="1313" hits="0"/><line number="1317" hits="0"/><line number="1318" hits="0"/><line number="1321" hits="0"/><line number="1322" hits="0"/><line number="1325" hits="0"/><line number="1326" hits="0"/><line number="1327" hits="0"/><line number="1329" hits="0"/><line number="1330" hits="0"/><line number="1331" hits="0"/><line number="1332" hits="0"/><line number="1335" hits="0"/><line number="1337" hits="0"/><line number="1339" hits="0"/><line number="1347" hits="0"/><line number="1348" hits="0"/><line number="1349" hits="0"/><line number="1350" hits="0"/><line number="1353" hits="0"/><line number="1356" hits="0"/><line number="1357" hits="0"/><line number="1361" hits="0"/><line number="1362" hits="0"/><line number="1365" hits="0"/><line number="1366" hits="0"/><line number="1371" hits="1"/><line number="1373" hits="3"/><line number="1374" hits="1"/><line number="1375" hits="2"/><line number="1376" hits="2"/><line number="1377" hits="2"/><line number="1381" hits="0"/><line number="1386" hits="0"/><line number="1388" hits="0"/><line number="1389" hits="0"/><line number="1392" hits="0"/><line number="1393" hits="0"/><line number="1396" hits="0"/><line number="1398" hits="0"/><line number="1399" hits="0"/><line number="1400" hits="0"/><line number="1401" hits="0"/><line number="1402" hits="0"/><line number="1404" hits="0"/><line number="1406" hits="0"/><line number="1409" hits="0"/><line number="1415" hits="0"/><line number="1417" hits="0"/><line number="1418" hits="0"/><line number="1421" hits="0"/><line number="1422" hits="0"/><line number="1425" hits="0"/><line number="1427" hits="0"/><line number="1428" hits="0"/><line number="1429" hits="0"/><line number="1430" hits="0"/><line number="1431" hits="0"/><line number="1432" hits="0"/><line number="1434" hits="0"/><line number="1436" hits="0"/><line number="1439" hits="0"/><line number="1445" hits="0"/><line number="1447" hits="0"/><line number="1448" hits="0"/><line number="1451" hits="0"/><line number="1452" hits="0"/><line number="1455" hits="0"/><line number="1457" hits="0"/><line number="1458" hits="0"/><line number="1459" hits="0"/><line number="1460" hits="0"/><line number="1461" hits="0"/><line number="1462" hits="0"/><line number="1464" hits="0"/><line number="1466" hits="0"/><line number="1469" hits="0"/><line number="1475" hits="0"/><line number="1477" hits="0"/><line number="1478" hits="0"/><line number="1481" hits="0"/><line number="1482" hits="0"/><line number="1485" hits="0"/><line number="1487" hits="0"/><line number="1488" hits="0"/><line number="1489" hits="0"/><line number="1490" hits="0"/><line number="1491" hits="0"/><line number="1492" hits="0"/><line number="1494" hits="0"/><line number="1496" hits="0"/><line number="1499" hits="0"/><line number="1505" hits="0"/><line number="1507" hits="0"/><line number="1508" hits="0"/><line number="1511" hits="0"/><line number="1512" hits="0"/><line number="1515" hits="0"/><line number="1517" hits="0"/><line number="1518" hits="0"/><line number="1519" hits="0"/><line number="1520" hits="0"/><line number="1521" hits="0"/><line number="1522" hits="0"/><line number="1524" hits="0"/><line number="1526" hits="0"/><line number="1529" hits="0"/><line number="1533" hits="0"/><line number="1534" hits="0"/><line number="1535" hits="0"/><line number="1538" hits="0"/><line number="1539" hits="0"/><line number="1542" hits="0"/><line number="1545" hits="3"/><line number="1546" hits="3"/><line number="1547" hits="6"/><line number="1549" hits="9"/><line number="1550" hits="2"/><line number="1561" hits="1"/><line number="1565" hits="1"/><line number="1566" hits="1"/><line number="1567" hits="1"/><line number="1569" hits="1"/><line number="1573" hits="0"/><line number="1577" hits="0"/><line number="1578" hits="0"/><line number="1579" hits="0"/><line number="1580" hits="0"/><line number="1581" hits="0"/><line number="1584" hits="0"/><line number="1587" hits="0"/></lines></class><class name="password" filename="src/services/password.rs" line-rate="0.7142857142857143" branch-rate="0" complexity="0"><methods/><lines><line number="15" hits="1"/><line number="17" hits="1"/><line number="18" hits="1"/><line number="19" hits="1"/><line number="21" hits="0"/><line number="24" hits="1"/><line number="27" hits="1"/><line number="31" hits="4"/><line number="32" hits="4"/><line number="47" hits="0"/><line number="48" hits="0"/><line number="50" hits="0"/><line number="53" hits="0"/><line number="56" hits="0"/><line number="59" hits="0"/><line number="62" hits="0"/><line number="68" hits="2"/><line number="69" hits="1"/><line number="70" hits="1"/><line number="73" hits="2"/><line number="74" hits="1"/><line number="78" hits="1"/><line number="79" hits="1"/><line number="83" hits="1"/><line number="84" hits="1"/><line number="88" hits="1"/><line number="89" hits="1"/><line number="92" hits="1"/></lines></class><class name="snapshot" filename="src/services/snapshot.rs" line-rate="0" branch-rate="0" complexity="0"><methods/><lines><line number="14" hits="0"/><line number="18" hits="0"/><line number="19" hits="0"/><line number="20" hits="0"/><line number="22" hits="0"/><line number="25" hits="0"/><line number="26" hits="0"/><line number="27" hits="0"/><line number="28" hits="0"/><line number="29" hits="0"/><line number="33" hits="0"/><line number="35" hits="0"/><line number="36" hits="0"/><line number="38" hits="0"/><line number="40" hits="0"/><line number="43" hits="0"/><line number="47" hits="0"/><line number="48" hits="0"/><line number="50" hits="0"/><line number="53" hits="0"/><line number="54" hits="0"/><line number="55" hits="0"/><line number="56" hits="0"/><line number="59" hits="0"/><line number="62" hits="0"/><line number="65" hits="0"/><line number="67" hits="0"/><line number="68" hits="0"/><line number="69" hits="0"/><line number="74" hits="0"/><line number="78" hits="0"/><line number="79" hits="0"/><line number="84" hits="0"/><line number="85" hits="0"/><line number="86" hits="0"/><line number="87" hits="0"/><line number="90" hits="0"/><line number="93" hits="0"/><line number="96" hits="0"/><line number="97" hits="0"/><line number="98" hits="0"/><line number="99" hits="0"/><line number="103" hits="0"/><line number="104" hits="0"/><line number="105" hits="0"/><line number="108" hits="0"/><line number="109" hits="0"/><line number="110" hits="0"/><line number="111" hits="0"/><line number="112" hits="0"/><line number="117" hits="0"/><line number="118" hits="0"/><line number="120" hits="0"/><line number="127" hits="0"/><line number="128" hits="0"/><line number="132" hits="0"/><line number="133" hits="0"/><line number="136" hits="0"/><line number="137" hits="0"/><line number="138" hits="0"/><line number="139" hits="0"/><line number="140" hits="0"/></lines></class></classes></package><package name="src/settings" line-rate="0" branch-rate="0" complexity="0"><classes><class name="mod" filename="src/settings/mod.rs" line-rate="0" branch-rate="0" complexity="0"><methods/><lines><line number="1" hits="0"/><line number="2" hits="0"/><line number="3" hits="0"/><line number="9" hits="0"/><line number="10" hits="0"/><line number="11" hits="0"/><line number="17" hits="0"/><line number="18" hits="0"/><line number="19" hits="0"/><line number="20" hits="0"/><line number="23" hits="0"/><line number="24" hits="0"/><line number="27" hits="0"/><line number="28" hits="0"/><line number="29" hits="0"/><line number="34" hits="0"/><line number="36" hits="0"/><line number="39" hits="0"/><line number="40" hits="0"/><line number="43" hits="0"/><line number="44" hits="0"/><line number="45" hits="0"/><line number="46" hits="0"/><line number="49" hits="0"/><line number="51" hits="0"/><line number="52" hits="0"/></lines></class></classes></package><package name="src/adapters/local_file" line-rate="0" branch-rate="0" complexity="0"><classes><class name="local_file_adapter" filename="src/adapters/local_file/local_file_adapter.rs" line-rate="0" branch-rate="0" complexity="0"><methods/><lines><line number="27" hits="0"/><line number="28" hits="0"/><line number="29" hits="0"/><line number="30" hits="0"/><line number="31" hits="0"/><line number="34" hits="0"/><line number="35" hits="0"/><line number="36" hits="0"/><line number="37" hits="0"/><line number="38" hits="0"/><line number="39" hits="0"/><line number="46" hits="0"/><line number="47" hits="0"/><line number="49" hits="0"/><line number="50" hits="0"/><line number="53" hits="0"/><line number="54" hits="0"/><line number="62" hits="0"/><line number="63" hits="0"/><line number="64" hits="0"/><line number="65" hits="0"/><line number="66" hits="0"/><line number="67" hits="0"/><line number="70" hits="0"/><line number="71" hits="0"/><line number="72" hits="0"/><line number="73" hits="0"/><line number="76" hits="0"/><line number="77" hits="0"/><line number="78" hits="0"/><line number="79" hits="0"/><line number="86" hits="0"/><line number="87" hits="0"/><line number="89" hits="0"/><line number="93" hits="0"/><line number="94" hits="0"/><line number="95" hits="0"/><line number="96" hits="0"/><line number="97" hits="0"/><line number="98" hits="0"/><line number="101" hits="0"/><line number="102" hits="0"/><line number="103" hits="0"/><line number="104" hits="0"/><line number="107" hits="0"/><line number="108" hits="0"/><line number="109" hits="0"/><line number="110" hits="0"/><line number="111" hits="0"/><line number="112" hits="0"/><line number="119" hits="0"/><line number="120" hits="0"/><line number="121" hits="0"/><line number="122" hits="0"/><line number="124" hits="0"/><line number="132" hits="0"/><line number="133" hits="0"/><line number="134" hits="0"/><line number="136" hits="0"/><line number="137" hits="0"/><line number="139" hits="0"/><line number="142" hits="0"/><line number="143" hits="0"/><line number="144" hits="0"/><line number="145" hits="0"/><line number="153" hits="0"/><line number="154" hits="0"/><line number="156" hits="0"/><line number="157" hits="0"/><line number="159" hits="0"/><line number="162" hits="0"/><line number="170" hits="0"/><line number="171" hits="0"/><line number="172" hits="0"/><line number="173" hits="0"/><line number="174" hits="0"/><line number="175" hits="0"/><line number="176" hits="0"/><line number="184" hits="0"/><line number="185" hits="0"/><line number="186" hits="0"/><line number="194" hits="0"/><line number="195" hits="0"/><line number="196" hits="0"/><line number="205" hits="0"/><line number="207" hits="0"/><line number="208" hits="0"/><line number="209" hits="0"/><line number="211" hits="0"/><line number="214" hits="0"/><line number="215" hits="0"/><line number="216" hits="0"/><line number="217" hits="0"/><line number="218" hits="0"/><line number="219" hits="0"/><line number="222" hits="0"/><line number="223" hits="0"/><line number="224" hits="0"/><line number="225" hits="0"/><line number="226" hits="0"/><line number="229" hits="0"/><line number="230" hits="0"/><line number="231" hits="0"/><line number="232" hits="0"/><line number="233" hits="0"/><line number="236" hits="0"/><line number="237" hits="0"/><line number="238" hits="0"/><line number="239" hits="0"/><line number="240" hits="0"/><line number="243" hits="0"/><line number="244" hits="0"/><line number="245" hits="0"/><line number="246" hits="0"/><line number="247" hits="0"/><line number="250" hits="0"/><line number="251" hits="0"/><line number="252" hits="0"/><line number="253" hits="0"/><line number="256" hits="0"/><line number="257" hits="0"/><line number="258" hits="0"/><line number="259" hits="0"/><line number="262" hits="0"/><line number="263" hits="0"/><line number="264" hits="0"/><line number="265" hits="0"/><line number="266" hits="0"/><line number="269" hits="0"/><line number="270" hits="0"/><line number="271" hits="0"/><line number="272" hits="0"/><line number="278" hits="0"/><line number="279" hits="0"/><line number="280" hits="0"/><line number="281" hits="0"/><line number="282" hits="0"/><line number="285" hits="0"/><line number="286" hits="0"/><line number="287" hits="0"/><line number="288" hits="0"/><line number="292" hits="0"/><line number="293" hits="0"/><line number="294" hits="0"/><line number="295" hits="0"/><line number="299" hits="0"/><line number="300" hits="0"/><line number="301" hits="0"/><line number="302" hits="0"/><line number="306" hits="0"/><line number="307" hits="0"/><line number="308" hits="0"/><line number="309" hits="0"/><line number="313" hits="0"/><line number="314" hits="0"/><line number="315" hits="0"/><line number="316" hits="0"/><line number="320" hits="0"/><line number="321" hits="0"/><line number="322" hits="0"/><line number="323" hits="0"/><line number="327" hits="0"/><line number="328" hits="0"/><line number="329" hits="0"/><line number="330" hits="0"/><line number="334" hits="0"/><line number="343" hits="0"/><line number="344" hits="0"/><line number="345" hits="0"/><line number="346" hits="0"/><line number="348" hits="0"/><line number="355" hits="0"/><line number="356" hits="0"/><line number="357" hits="0"/><line number="358" hits="0"/><line number="360" hits="0"/><line number="363" hits="0"/><line number="364" hits="0"/><line number="365" hits="0"/><line number="366" hits="0"/><line number="369" hits="0"/><line number="370" hits="0"/><line number="372" hits="0"/><line number="373" hits="0"/><line number="374" hits="0"/><line number="378" hits="0"/><line number="385" hits="0"/><line number="387" hits="0"/><line number="388" hits="0"/><line number="389" hits="0"/><line number="393" hits="0"/><line number="400" hits="0"/><line number="401" hits="0"/><line number="403" hits="0"/><line number="404" hits="0"/><line number="405" hits="0"/><line number="407" hits="0"/><line number="410" hits="0"/><line number="418" hits="0"/><line number="419" hits="0"/><line number="421" hits="0"/><line number="423" hits="0"/><line number="424" hits="0"/><line number="426" hits="0"/><line number="429" hits="0"/><line number="430" hits="0"/><line number="431" hits="0"/><line number="432" hits="0"/><line number="433" hits="0"/><line number="434" hits="0"/><line number="437" hits="0"/><line number="438" hits="0"/><line number="439" hits="0"/><line number="440" hits="0"/><line number="443" hits="0"/><line number="444" hits="0"/><line number="445" hits="0"/><line number="446" hits="0"/><line number="447" hits="0"/><line number="448" hits="0"/><line number="455" hits="0"/><line number="456" hits="0"/><line number="458" hits="0"/><line number="459" hits="0"/><line number="460" hits="0"/><line number="463" hits="0"/><line number="471" hits="0"/><line number="472" hits="0"/><line number="473" hits="0"/><line number="474" hits="0"/><line number="475" hits="0"/><line number="476" hits="0"/><line number="483" hits="0"/><line number="484" hits="0"/><line number="486" hits="0"/><line number="487" hits="0"/><line number="488" hits="0"/><line number="491" hits="0"/><line number="499" hits="0"/><line number="500" hits="0"/><line number="501" hits="0"/><line number="502" hits="0"/><line number="503" hits="0"/><line number="504" hits="0"/><line number="507" hits="0"/><line number="508" hits="0"/><line number="509" hits="0"/><line number="510" hits="0"/><line number="511" hits="0"/><line number="514" hits="0"/><line number="515" hits="0"/><line number="516" hits="0"/><line number="517" hits="0"/><line number="518" hits="0"/><line number="521" hits="0"/><line number="522" hits="0"/><line number="523" hits="0"/><line number="524" hits="0"/><line number="525" hits="0"/><line number="526" hits="0"/><line number="533" hits="0"/><line number="534" hits="0"/><line number="536" hits="0"/><line number="537" hits="0"/><line number="538" hits="0"/><line number="540" hits="0"/><line number="548" hits="0"/><line number="549" hits="0"/><line number="550" hits="0"/><line number="551" hits="0"/><line number="552" hits="0"/><line number="553" hits="0"/><line number="556" hits="0"/><line number="557" hits="0"/><line number="558" hits="0"/><line number="559" hits="0"/><line number="562" hits="0"/><line number="563" hits="0"/><line number="564" hits="0"/><line number="565" hits="0"/><line number="566" hits="0"/><line number="573" hits="0"/><line number="574" hits="0"/><line number="575" hits="0"/><line number="576" hits="0"/><line number="577" hits="0"/><line number="580" hits="0"/><line number="581" hits="0"/><line number="582" hits="0"/><line number="583" hits="0"/><line number="585" hits="0"/><line number="586" hits="0"/><line number="587" hits="0"/><line number="591" hits="0"/><line number="592" hits="0"/><line number="593" hits="0"/><line number="594" hits="0"/><line number="596" hits="0"/><line number="598" hits="0"/><line number="599" hits="0"/><line number="600" hits="0"/><line number="601" hits="0"/><line number="602" hits="0"/><line number="604" hits="0"/><line number="605" hits="0"/><line number="607" hits="0"/><line number="612" hits="0"/><line number="613" hits="0"/><line number="614" hits="0"/><line number="617" hits="0"/><line number="618" hits="0"/><line number="619" hits="0"/><line number="622" hits="0"/><line number="623" hits="0"/><line number="624" hits="0"/><line number="627" hits="0"/><line number="628" hits="0"/><line number="629" hits="0"/><line number="632" hits="0"/><line number="633" hits="0"/><line number="634" hits="0"/><line number="637" hits="0"/><line number="638" hits="0"/><line number="639" hits="0"/><line number="642" hits="0"/><line number="643" hits="0"/><line number="644" hits="0"/><line number="647" hits="0"/><line number="648" hits="0"/><line number="649" hits="0"/><line number="652" hits="0"/><line number="653" hits="0"/><line number="654" hits="0"/><line number="657" hits="0"/><line number="658" hits="0"/><line number="659" hits="0"/><line number="662" hits="0"/><line number="663" hits="0"/><line number="664" hits="0"/><line number="667" hits="0"/><line number="668" hits="0"/><line number="669" hits="0"/><line number="672" hits="0"/><line number="673" hits="0"/><line number="674" hits="0"/><line number="677" hits="0"/><line number="678" hits="0"/><line number="679" hits="0"/><line number="682" hits="0"/><line number="683" hits="0"/><line number="684" hits="0"/><line number="687" hits="0"/><line number="688" hits="0"/><line number="689" hits="0"/><line number="692" hits="0"/><line number="693" hits="0"/><line number="694" hits="0"/><line number="697" hits="0"/><line number="698" hits="0"/><line number="701" hits="0"/></lines></class></classes></package><package name="src/middleware" line-rate="0.25833333333333336" branch-rate="0" complexity="0"><classes><class name="mod" filename="src/middleware/mod.rs" line-rate="0.1111111111111111" branch-rate="0" complexity="0"><methods/><lines><line number="31" hits="1"/><line number="32" hits="2"/><line number="33" hits="2"/><line number="34" hits="0"/><line number="53" hits="0"/><line number="54" hits="0"/><line number="55" hits="0"/><line number="76" hits="0"/><line number="77" hits="0"/><line number="79" hits="0"/><line number="80" hits="0"/><line number="81" hits="0"/><line number="82" hits="0"/><line number="83" hits="0"/><line number="84" hits="0"/><line number="86" hits="0"/><line number="87" hits="0"/><line number="89" hits="0"/><line number="90" hits="0"/><line number="91" hits="0"/><line number="94" hits="0"/><line number="96" hits="0"/><line number="98" hits="0"/><line number="99" hits="0"/><line number="103" hits="0"/><line number="105" hits="0"/><line number="107" hits="0"/></lines></class><class name="roles" filename="src/middleware/roles.rs" line-rate="0.21686746987951808" branch-rate="0" complexity="0"><methods/><lines><line number="21" hits="1"/><line number="26" hits="3"/><line number="27" hits="1"/><line number="28" hits="1"/><line number="29" hits="2"/><line number="30" hits="1"/><line number="33" hits="2"/><line number="34" hits="0"/><line number="37" hits="1"/><line number="38" hits="2"/><line number="39" hits="0"/><line number="40" hits="0"/><line number="43" hits="0"/><line number="44" hits="0"/><line number="51" hits="1"/><line number="55" hits="0"/><line number="60" hits="0"/><line number="63" hits="1"/><line number="64" hits="1"/><line number="67" hits="1"/><line number="71" hits="3"/><line number="72" hits="2"/><line number="73" hits="1"/><line number="74" hits="1"/><line number="77" hits="0"/><line number="78" hits="0"/><line number="83" hits="1"/><line number="87" hits="0"/><line number="88" hits="0"/><line number="90" hits="0"/><line number="94" hits="0"/><line number="96" hits="0"/><line number="97" hits="0"/><line number="98" hits="0"/><line number="101" hits="0"/><line number="102" hits="0"/><line number="103" hits="0"/><line number="104" hits="0"/><line number="105" hits="0"/><line number="106" hits="0"/><line number="109" hits="0"/><line number="113" hits="0"/><line number="114" hits="0"/><line number="115" hits="0"/><line number="116" hits="0"/><line number="117" hits="0"/><line number="118" hits="0"/><line number="122" hits="0"/><line number="124" hits="0"/><line number="127" hits="0"/><line number="131" hits="0"/><line number="132" hits="0"/><line number="133" hits="0"/><line number="135" hits="0"/><line number="139" hits="0"/><line number="140" hits="0"/><line number="143" hits="0"/><line number="146" hits="0"/><line number="148" hits="0"/><line number="154" hits="0"/><line number="157" hits="0"/><line number="160" hits="0"/><line number="163" hits="0"/><line number="164" hits="0"/><line number="165" hits="0"/><line number="166" hits="0"/><line number="167" hits="0"/><line number="172" hits="0"/><line number="173" hits="0"/><line number="174" hits="0"/><line number="175" hits="0"/><line number="176" hits="0"/><line number="179" hits="0"/><line number="180" hits="0"/><line number="184" hits="0"/><line number="187" hits="0"/><line number="189" hits="0"/><line number="191" hits="0"/><line number="197" hits="0"/><line number="201" hits="0"/><line number="204" hits="0"/><line number="205" hits="0"/><line number="209" hits="0"/></lines></class><class name="token" filename="src/middleware/token.rs" line-rate="1" branch-rate="0" complexity="0"><methods/><lines><line number="3" hits="1"/><line number="4" hits="1"/><line number="5" hits="2"/><line number="6" hits="1"/><line number="8" hits="2"/><line number="9" hits="1"/><line number="12" hits="2"/><line number="13" hits="1"/><line number="16" hits="1"/><line number="19" hits="1"/></lines></class></classes></package><package name="src/model" line-rate="0.037037037037037035" branch-rate="0" complexity="0"><classes><class name="mod" filename="src/model/mod.rs" line-rate="0.05" branch-rate="0" complexity="0"><methods/><lines><line number="161" hits="0"/><line number="162" hits="0"/><line number="163" hits="0"/><line number="164" hits="0"/><line number="165" hits="0"/><line number="166" hits="0"/><line number="174" hits="0"/><line number="175" hits="0"/><line number="176" hits="0"/><line number="178" hits="0"/><line number="185" hits="0"/><line number="186" hits="0"/><line number="187" hits="0"/><line number="188" hits="0"/><line number="189" hits="0"/><line number="190" hits="0"/><line number="191" hits="0"/><line number="264" hits="0"/><line number="266" hits="0"/><line number="273" hits="1"/></lines></class><class name="request" filename="src/model/request.rs" line-rate="0" branch-rate="0" complexity="0"><methods/><lines><line number="52" hits="0"/><line number="54" hits="0"/><line number="55" hits="0"/><line number="56" hits="0"/><line number="57" hits="0"/><line number="58" hits="0"/><line number="61" hits="0"/></lines></class></classes></package><package name="src/error" line-rate="0.2894736842105263" branch-rate="0" complexity="0"><classes><class name="mod" filename="src/error/mod.rs" line-rate="0.2894736842105263" branch-rate="0" complexity="0"><methods/><lines><line number="25" hits="0"/><line number="26" hits="0"/><line number="27" hits="0"/><line number="30" hits="1"/><line number="33" hits="1"/><line number="34" hits="1"/><line number="37" hits="0"/><line number="40" hits="0"/><line number="41" hits="0"/><line number="44" hits="1"/><line number="47" hits="1"/><line number="48" hits="1"/><line number="51" hits="1"/><line number="54" hits="2"/><line number="55" hits="1"/><line number="58" hits="2"/><line number="61" hits="2"/><line number="62" hits="2"/><line number="68" hits="1"/><line number="69" hits="1"/><line number="71" hits="0"/><line number="75" hits="4"/><line number="76" hits="1"/><line number="77" hits="1"/><line number="82" hits="0"/><line number="85" hits="0"/><line number="86" hits="0"/><line number="93" hits="1"/><line number="94" hits="2"/><line number="95" hits="0"/><line number="97" hits="2"/><line number="109" hits="1"/><line number="111" hits="1"/><line number="114" hits="0"/><line number="116" hits="0"/><line number="129" hits="0"/><line number="130" hits="0"/><line number="131" hits="0"/><line number="143" hits="0"/><line number="144" hits="0"/><line number="145" hits="0"/><line number="160" hits="0"/><line number="161" hits="0"/><line number="174" hits="0"/><line number="175" hits="0"/><line number="189" hits="0"/><line number="190" hits="0"/><line number="192" hits="0"/><line number="198" hits="0"/><line number="199" hits="0"/><line number="214" hits="0"/><line number="215" hits="0"/><line number="232" hits="0"/><line number="233" hits="0"/><line number="250" hits="0"/><line number="251" hits="0"/><line number="270" hits="0"/><line number="271" hits="0"/><line number="288" hits="0"/><line number="289" hits="0"/><line number="304" hits="0"/><line number="305" hits="0"/><line number="315" hits="0"/><line number="316" hits="0"/><line number="321" hits="0"/><line number="322" hits="0"/><line number="345" hits="0"/><line number="346" hits="0"/><line number="359" hits="0"/><line number="360" hits="0"/><line number="373" hits="0"/><line number="374" hits="0"/><line number="389" hits="0"/><line number="390" hits="0"/><line number="403" hits="0"/><line number="404" hits="0"/></lines></class></classes></package><package name="src/notifications" line-rate="0" branch-rate="0" complexity="0"><classes><class name="discord" filename="src/notifications/discord.rs" line-rate="0" branch-rate="0" complexity="0"><methods/><lines><line number="15" hits="0"/><line number="16" hits="0"/><line number="18" hits="0"/><line number="20" hits="0"/><line number="23" hits="0"/><line number="28" hits="0"/><line number="29" hits="0"/><line number="30" hits="0"/><line number="36" hits="0"/><line number="39" hits="0"/><line number="43" hits="0"/><line number="46" hits="0"/><line number="49" hits="0"/><line number="58" hits="0"/><line number="69" hits="0"/><line number="75" hits="0"/><line number="78" hits="0"/><line number="87" hits="0"/><line number="95" hits="0"/><line number="101" hits="0"/><line number="104" hits="0"/><line number="113" hits="0"/><line number="121" hits="0"/><line number="127" hits="0"/><line number="130" hits="0"/><line number="139" hits="0"/><line number="147" hits="0"/><line number="152" hits="0"/><line number="155" hits="0"/><line number="164" hits="0"/></lines></class><class name="mod" filename="src/notifications/mod.rs" line-rate="0" branch-rate="0" complexity="0"><methods/><lines><line number="50" hits="0"/><line number="51" hits="0"/><line number="52" hits="0"/><line number="53" hits="0"/><line number="54" hits="0"/><line number="56" hits="0"/><line number="57" hits="0"/><line number="58" hits="0"/></lines></class><class name="slack" filename="src/notifications/slack.rs" line-rate="0" branch-rate="0" complexity="0"><methods/><lines><line number="15" hits="0"/><line number="16" hits="0"/><line number="18" hits="0"/><line number="20" hits="0"/><line number="23" hits="0"/><line number="28" hits="0"/><line number="29" hits="0"/><line number="30" hits="0"/><line number="36" hits="0"/><line number="38" hits="0"/><line number="42" hits="0"/><line number="45" hits="0"/><line number="51" hits="0"/><line number="59" hits="0"/><line number="63" hits="0"/><line number="79" hits="0"/><line number="85" hits="0"/><line number="91" hits="0"/><line number="99" hits="0"/><line number="103" hits="0"/><line number="110" hits="0"/><line number="116" hits="0"/><line number="122" hits="0"/><line number="130" hits="0"/><line number="134" hits="0"/><line number="141" hits="0"/><line number="147" hits="0"/><line number="153" hits="0"/><line number="161" hits="0"/><line number="165" hits="0"/><line number="172" hits="0"/><line number="177" hits="0"/><line number="183" hits="0"/><line number="191" hits="0"/><line number="195" hits="0"/></lines></class></classes></package><package name="src/api" line-rate="0.2575558475689882" branch-rate="0" complexity="0"><classes><class name="api_keys" filename="src/api/api_keys.rs" line-rate="0.8648648648648649" branch-rate="0" complexity="0"><methods/><lines><line number="21" hits="1"/><line number="25" hits="2"/><line number="27" hits="1"/><line number="28" hits="0"/><line number="31" hits="2"/><line number="34" hits="2"/><line number="36" hits="1"/><line number="37" hits="2"/><line number="38" hits="1"/><line number="42" hits="1"/><line number="59" hits="1"/><line number="65" hits="2"/><line number="67" hits="1"/><line number="68" hits="0"/><line number="71" hits="2"/><line number="72" hits="0"/><line number="75" hits="6"/><line number="76" hits="1"/><line number="77" hits="3"/><line number="79" hits="0"/><line number="82" hits="1"/><line number="83" hits="4"/><line number="86" hits="2"/><line number="87" hits="1"/><line number="88" hits="2"/><line number="89" hits="2"/><line number="91" hits="1"/><line number="94" hits="2"/><line number="96" hits="1"/><line number="97" hits="1"/><line number="104" hits="1"/><line number="109" hits="2"/><line number="111" hits="1"/><line number="112" hits="0"/><line number="115" hits="1"/><line number="116" hits="2"/><line number="118" hits="2"/></lines></class><class name="auth" filename="src/api/auth.rs" line-rate="0.049586776859504134" branch-rate="0" complexity="0"><methods/><lines><line number="42" hits="0"/><line number="47" hits="0"/><line number="48" hits="0"/><line number="49" hits="0"/><line number="51" hits="0"/><line number="52" hits="0"/><line number="54" hits="0"/><line number="56" hits="0"/><line number="59" hits="0"/><line number="61" hits="0"/><line number="62" hits="0"/><line number="65" hits="0"/><line number="67" hits="0"/><line number="68" hits="0"/><line number="69" hits="0"/><line number="70" hits="0"/><line number="74" hits="0"/><line number="77" hits="0"/><line number="89" hits="0"/><line number="95" hits="0"/><line number="97" hits="0"/><line number="98" hits="0"/><line number="101" hits="0"/><line number="102" hits="0"/><line number="104" hits="0"/><line number="107" hits="0"/><line number="108" hits="0"/><line number="110" hits="0"/><line number="112" hits="0"/><line number="113" hits="0"/><line number="114" hits="0"/><line number="133" hits="0"/><line number="137" hits="0"/><line number="138" hits="0"/><line number="139" hits="0"/><line number="141" hits="0"/><line number="142" hits="0"/><line number="146" hits="0"/><line number="147" hits="0"/><line number="148" hits="0"/><line number="162" hits="0"/><line number="166" hits="0"/><line number="167" hits="0"/><line number="168" hits="0"/><line number="169" hits="0"/><line number="173" hits="0"/><line number="174" hits="0"/><line number="176" hits="0"/><line number="179" hits="0"/><line number="182" hits="0"/><line number="185" hits="0"/><line number="187" hits="0"/><line number="188" hits="0"/><line number="190" hits="0"/><line number="191" hits="0"/><line number="192" hits="0"/><line number="194" hits="0"/><line number="195" hits="0"/><line number="196" hits="0"/><line number="202" hits="1"/><line number="203" hits="1"/><line number="206" hits="1"/><line number="207" hits="4"/><line number="210" hits="2"/><line number="214" hits="2"/><line number="219" hits="0"/><line number="222" hits="0"/><line number="223" hits="0"/><line number="228" hits="0"/><line number="247" hits="0"/><line number="251" hits="0"/><line number="253" hits="0"/><line number="255" hits="0"/><line number="256" hits="0"/><line number="257" hits="0"/><line number="258" hits="0"/><line number="281" hits="0"/><line number="286" hits="0"/><line number="288" hits="0"/><line number="290" hits="0"/><line number="291" hits="0"/><line number="292" hits="0"/><line number="294" hits="0"/><line number="296" hits="0"/><line number="297" hits="0"/><line number="298" hits="0"/><line number="300" hits="0"/><line number="302" hits="0"/><line number="303" hits="0"/><line number="304" hits="0"/><line number="310" hits="0"/><line number="312" hits="0"/><line number="313" hits="0"/><line number="314" hits="0"/><line number="315" hits="0"/><line number="319" hits="0"/><line number="320" hits="0"/><line number="322" hits="0"/><line number="340" hits="0"/><line number="346" hits="0"/><line number="347" hits="0"/><line number="348" hits="0"/><line number="349" hits="0"/><line number="350" hits="0"/><line number="352" hits="0"/><line number="353" hits="0"/><line number="354" hits="0"/><line number="355" hits="0"/><line number="356" hits="0"/><line number="360" hits="0"/><line number="361" hits="0"/><line number="362" hits="0"/><line number="363" hits="0"/><line number="364" hits="0"/><line number="365" hits="0"/><line number="369" hits="0"/><line number="371" hits="0"/><line number="372" hits="0"/><line number="373" hits="0"/><line number="374" hits="0"/><line number="378" hits="0"/></lines></class><class name="configs" filename="src/api/configs.rs" line-rate="0.618421052631579" branch-rate="0" complexity="0"><methods/><lines><line number="27" hits="1"/><line number="32" hits="2"/><line number="34" hits="4"/><line number="35" hits="2"/><line number="36" hits="2"/><line number="37" hits="2"/><line number="38" hits="2"/><line number="40" hits="2"/><line number="43" hits="1"/><line number="44" hits="2"/><line number="45" hits="1"/><line number="46" hits="2"/><line number="47" hits="1"/><line number="48" hits="1"/><line number="49" hits="1"/><line number="50" hits="1"/><line number="52" hits="1"/><line number="53" hits="1"/><line number="56" hits="2"/><line number="60" hits="2"/><line number="63" hits="2"/><line number="64" hits="0"/><line number="65" hits="1"/><line number="69" hits="2"/><line number="71" hits="1"/><line number="72" hits="1"/><line number="75" hits="0"/><line number="77" hits="0"/><line number="80" hits="0"/><line number="86" hits="1"/><line number="91" hits="2"/><line number="92" hits="2"/><line number="93" hits="1"/><line number="95" hits="1"/><line number="96" hits="2"/><line number="97" hits="1"/><line number="98" hits="1"/><line number="100" hits="0"/><line number="103" hits="2"/><line number="104" hits="2"/><line number="109" hits="2"/><line number="110" hits="2"/><line number="115" hits="2"/><line number="116" hits="1"/><line number="117" hits="0"/><line number="118" hits="0"/><line number="119" hits="0"/><line number="123" hits="1"/><line number="124" hits="0"/><line number="127" hits="5"/><line number="128" hits="1"/><line number="129" hits="3"/><line number="131" hits="1"/><line number="132" hits="1"/><line number="133" hits="1"/><line number="134" hits="0"/><line number="135" hits="0"/><line number="136" hits="0"/><line number="139" hits="2"/><line number="148" hits="0"/><line number="153" hits="0"/><line number="154" hits="0"/><line number="155" hits="0"/><line number="157" hits="0"/><line number="158" hits="0"/><line number="159" hits="0"/><line number="160" hits="0"/><line number="162" hits="0"/><line number="165" hits="0"/><line number="167" hits="0"/><line number="168" hits="0"/><line number="169" hits="0"/><line number="170" hits="0"/><line number="171" hits="0"/><line number="172" hits="0"/><line number="175" hits="0"/></lines></class><class name="data" filename="src/api/data.rs" line-rate="0" branch-rate="0" complexity="0"><methods/><lines><line number="13" hits="0"/><line number="18" hits="0"/><line number="20" hits="0"/><line number="21" hits="0"/><line number="22" hits="0"/><line number="23" hits="0"/><line number="25" hits="0"/><line number="29" hits="0"/><line number="30" hits="0"/><line number="31" hits="0"/><line number="32" hits="0"/><line number="33" hits="0"/><line number="35" hits="0"/><line number="36" hits="0"/><line number="39" hits="0"/><line number="40" hits="0"/><line number="43" hits="0"/><line number="44" hits="0"/><line number="45" hits="0"/><line number="47" hits="0"/><line number="48" hits="0"/><line number="49" hits="0"/><line number="56" hits="0"/><line number="61" hits="0"/><line number="63" hits="0"/><line number="64" hits="0"/><line number="65" hits="0"/><line number="66" hits="0"/><line number="68" hits="0"/><line number="72" hits="0"/><line number="73" hits="0"/><line number="74" hits="0"/><line number="75" hits="0"/><line number="76" hits="0"/><line number="78" hits="0"/><line number="79" hits="0"/><line number="82" hits="0"/><line number="83" hits="0"/><line number="86" hits="0"/><line number="87" hits="0"/><line number="88" hits="0"/><line number="90" hits="0"/><line number="91" hits="0"/><line number="92" hits="0"/></lines></class><class name="instances" filename="src/api/instances.rs" line-rate="0" branch-rate="0" complexity="0"><methods/><lines><line number="16" hits="0"/><line number="21" hits="0"/><line number="23" hits="0"/><line number="24" hits="0"/><line number="25" hits="0"/><line number="26" hits="0"/><line number="28" hits="0"/><line number="32" hits="0"/><line number="33" hits="0"/><line number="34" hits="0"/><line number="35" hits="0"/><line number="36" hits="0"/><line number="38" hits="0"/><line number="39" hits="0"/><line number="42" hits="0"/><line number="43" hits="0"/><line number="46" hits="0"/><line number="47" hits="0"/><line number="48" hits="0"/><line number="50" hits="0"/><line number="51" hits="0"/><line number="52" hits="0"/><line number="59" hits="0"/><line number="64" hits="0"/><line number="66" hits="0"/><line number="67" hits="0"/><line number="68" hits="0"/><line number="72" hits="0"/><line number="73" hits="0"/><line number="74" hits="0"/><line number="75" hits="0"/><line number="76" hits="0"/><line number="78" hits="0"/><line number="79" hits="0"/><line number="82" hits="0"/><line number="83" hits="0"/><line number="86" hits="0"/><line number="87" hits="0"/><line number="88" hits="0"/><line number="90" hits="0"/><line number="91" hits="0"/><line number="98" hits="0"/><line number="107" hits="0"/><line number="109" hits="0"/><line number="110" hits="0"/><line number="112" hits="0"/><line number="113" hits="0"/><line number="114" hits="0"/><line number="115" hits="0"/><line number="117" hits="0"/><line number="121" hits="0"/><line number="122" hits="0"/><line number="123" hits="0"/><line number="126" hits="0"/><line number="127" hits="0"/><line number="130" hits="0"/><line number="132" hits="0"/><line number="133" hits="0"/><line number="134" hits="0"/><line number="136" hits="0"/><line number="138" hits="0"/><line number="141" hits="0"/><line number="144" hits="0"/><line number="152" hits="0"/><line number="161" hits="0"/><line number="163" hits="0"/><line number="164" hits="0"/><line number="166" hits="0"/><line number="167" hits="0"/><line number="168" hits="0"/><line number="169" hits="0"/><line number="171" hits="0"/><line number="175" hits="0"/><line number="176" hits="0"/><line number="177" hits="0"/><line number="180" hits="0"/><line number="181" hits="0"/><line number="184" hits="0"/><line number="186" hits="0"/><line number="188" hits="0"/><line number="189" hits="0"/><line number="190" hits="0"/><line number="191" hits="0"/><line number="192" hits="0"/><line number="193" hits="0"/><line number="195" hits="0"/><line number="196" hits="0"/><line number="197" hits="0"/><line number="199" hits="0"/><line number="201" hits="0"/><line number="203" hits="0"/><line number="206" hits="0"/><line number="214" hits="0"/><line number="219" hits="0"/><line number="221" hits="0"/><line number="222" hits="0"/><line number="223" hits="0"/><line number="224" hits="0"/><line number="226" hits="0"/><line number="230" hits="0"/><line number="231" hits="0"/><line number="232" hits="0"/><line number="235" hits="0"/><line number="236" hits="0"/><line number="239" hits="0"/><line number="240" hits="0"/><line number="241" hits="0"/><line number="242" hits="0"/><line number="244" hits="0"/><line number="247" hits="0"/><line number="249" hits="0"/><line number="250" hits="0"/><line number="251" hits="0"/><line number="254" hits="0"/><line number="257" hits="0"/><line number="258" hits="0"/><line number="260" hits="0"/><line number="261" hits="0"/><line number="262" hits="0"/><line number="267" hits="0"/><line number="268" hits="0"/></lines></class><class name="labels" filename="src/api/labels.rs" line-rate="0.65" branch-rate="0" complexity="0"><methods/><lines><line number="15" hits="1"/><line number="18" hits="2"/><line number="19" hits="1"/><line number="25" hits="1"/><line number="30" hits="2"/><line number="31" hits="2"/><line number="33" hits="1"/><line number="34" hits="2"/><line number="35" hits="1"/><line number="37" hits="0"/><line number="40" hits="2"/><line number="41" hits="2"/><line number="46" hits="2"/><line number="47" hits="2"/><line number="48" hits="0"/><line number="50" hits="0"/><line number="52" hits="0"/><line number="55" hits="0"/><line number="56" hits="0"/><line number="57" hits="0"/></lines></class><class name="lifecycle" filename="src/api/lifecycle.rs" line-rate="0" branch-rate="0" complexity="0"><methods/><lines><line number="19" hits="0"/><line number="20" hits="0"/><line number="31" hits="0"/><line number="32" hits="0"/><line number="34" hits="0"/></lines></class><class name="mod" filename="src/api/mod.rs" line-rate="0.044444444444444446" branch-rate="0" complexity="0"><methods/><lines><line number="115" hits="0"/><line number="119" hits="0"/><line number="121" hits="0"/><line number="122" hits="0"/><line number="124" hits="0"/><line number="125" hits="0"/><line number="126" hits="0"/><line number="127" hits="0"/><line number="128" hits="0"/><line number="129" hits="0"/><line number="130" hits="0"/><line number="132" hits="0"/><line number="133" hits="0"/><line number="134" hits="0"/><line number="135" hits="0"/><line number="136" hits="0"/><line number="138" hits="0"/><line number="139" hits="0"/><line number="140" hits="0"/><line number="142" hits="0"/><line number="143" hits="0"/><line number="144" hits="0"/><line number="145" hits="0"/><line number="146" hits="0"/><line number="148" hits="0"/><line number="149" hits="0"/><line number="150" hits="0"/><line number="152" hits="0"/><line number="153" hits="0"/><line number="154" hits="0"/><line number="156" hits="0"/><line number="157" hits="0"/><line number="159" hits="0"/><line number="160" hits="0"/><line number="161" hits="0"/><line number="162" hits="0"/><line number="163" hits="0"/><line number="165" hits="0"/><line number="166" hits="0"/><line number="168" hits="0"/><line number="169" hits="0"/><line number="170" hits="0"/><line number="171" hits="0"/><line number="174" hits="1"/><line number="175" hits="3"/></lines></class><class name="projects" filename="src/api/projects.rs" line-rate="0.7102803738317757" branch-rate="0" complexity="0"><methods/><lines><line number="26" hits="1"/><line number="30" hits="2"/><line number="31" hits="0"/><line number="34" hits="2"/><line number="37" hits="2"/><line number="38" hits="2"/><line number="40" hits="1"/><line number="43" hits="2"/><line number="44" hits="1"/><line number="45" hits="1"/><line number="49" hits="6"/><line number="51" hits="3"/><line number="53" hits="3"/><line number="56" hits="1"/><line number="62" hits="2"/><line number="67" hits="4"/><line number="68" hits="0"/><line number="71" hits="2"/><line number="73" hits="4"/><line number="74" hits="2"/><line number="75" hits="2"/><line number="76" hits="2"/><line number="77" hits="2"/><line number="79" hits="2"/><line number="80" hits="2"/><line number="83" hits="2"/><line number="84" hits="2"/><line number="87" hits="2"/><line number="88" hits="0"/><line number="91" hits="1"/><line number="97" hits="3"/><line number="102" hits="6"/><line number="103" hits="6"/><line number="105" hits="9"/><line number="108" hits="6"/><line number="109" hits="3"/><line number="110" hits="0"/><line number="112" hits="6"/><line number="114" hits="3"/><line number="116" hits="3"/><line number="117" hits="0"/><line number="120" hits="9"/><line number="122" hits="6"/><line number="123" hits="1"/><line number="124" hits="3"/><line number="126" hits="1"/><line number="127" hits="0"/><line number="128" hits="0"/><line number="129" hits="0"/><line number="130" hits="0"/><line number="133" hits="0"/><line number="142" hits="2"/><line number="148" hits="4"/><line number="149" hits="4"/><line number="151" hits="2"/><line number="153" hits="4"/><line number="154" hits="2"/><line number="155" hits="2"/><line number="158" hits="2"/><line number="159" hits="2"/><line number="162" hits="4"/><line number="164" hits="6"/><line number="165" hits="1"/><line number="166" hits="3"/><line number="168" hits="2"/><line number="169" hits="1"/><line number="170" hits="0"/><line number="171" hits="0"/><line number="172" hits="0"/><line number="175" hits="2"/><line number="178" hits="0"/><line number="187" hits="1"/><line number="192" hits="2"/><line number="193" hits="0"/><line number="196" hits="1"/><line number="198" hits="2"/><line number="199" hits="1"/><line number="200" hits="1"/><line number="203" hits="1"/><line number="204" hits="2"/><line number="207" hits="5"/><line number="208" hits="2"/><line number="210" hits="2"/><line number="212" hits="0"/><line number="213" hits="0"/><line number="214" hits="0"/><line number="219" hits="3"/><line number="223" hits="3"/><line number="224" hits="1"/><line number="229" hits="2"/><line number="230" hits="1"/><line number="236" hits="1"/><line number="237" hits="0"/><line number="238" hits="0"/><line number="239" hits="3"/><line number="243" hits="1"/><line number="246" hits="0"/><line number="247" hits="0"/><line number="248" hits="0"/><line number="251" hits="0"/><line number="252" hits="0"/><line number="254" hits="0"/><line number="256" hits="0"/><line number="258" hits="0"/><line number="260" hits="0"/><line number="261" hits="0"/><line number="263" hits="0"/></lines></class><class name="revisions" filename="src/api/revisions.rs" line-rate="0" branch-rate="0" complexity="0"><methods/><lines><line number="17" hits="0"/><line number="22" hits="0"/><line number="24" hits="0"/><line number="25" hits="0"/><line number="26" hits="0"/><line number="30" hits="0"/><line number="31" hits="0"/><line number="32" hits="0"/><line number="33" hits="0"/><line number="34" hits="0"/><line number="35" hits="0"/><line number="37" hits="0"/><line number="38" hits="0"/><line number="40" hits="0"/><line number="43" hits="0"/><line number="44" hits="0"/><line number="45" hits="0"/><line number="47" hits="0"/><line number="49" hits="0"/><line number="62" hits="0"/><line number="68" hits="0"/><line number="70" hits="0"/><line number="71" hits="0"/><line number="72" hits="0"/><line number="76" hits="0"/><line number="77" hits="0"/><line number="78" hits="0"/><line number="79" hits="0"/><line number="81" hits="0"/><line number="84" hits="0"/><line number="85" hits="0"/><line number="88" hits="0"/><line number="90" hits="0"/><line number="91" hits="0"/><line number="92" hits="0"/><line number="95" hits="0"/><line number="96" hits="0"/><line number="98" hits="0"/><line number="99" hits="0"/><line number="100" hits="0"/><line number="101" hits="0"/><line number="103" hits="0"/><line number="105" hits="0"/><line number="107" hits="0"/><line number="112" hits="0"/><line number="114" hits="0"/><line number="118" hits="0"/><line number="119" hits="0"/><line number="120" hits="0"/><line number="122" hits="0"/><line number="123" hits="0"/><line number="132" hits="0"/><line number="138" hits="0"/><line number="140" hits="0"/><line number="141" hits="0"/><line number="142" hits="0"/><line number="146" hits="0"/><line number="147" hits="0"/><line number="148" hits="0"/><line number="149" hits="0"/><line number="150" hits="0"/><line number="152" hits="0"/><line number="153" hits="0"/><line number="155" hits="0"/><line number="158" hits="0"/><line number="159" hits="0"/><line number="162" hits="0"/><line number="163" hits="0"/><line number="164" hits="0"/><line number="166" hits="0"/><line number="167" hits="0"/><line number="174" hits="0"/><line number="180" hits="0"/><line number="182" hits="0"/><line number="183" hits="0"/><line number="184" hits="0"/><line number="185" hits="0"/><
[...]
"/><line number="719" hits="0"/><line number="721" hits="0"/><line number="725" hits="0"/><line number="726" hits="0"/><line number="727" hits="0"/><line number="729" hits="0"/><line number="732" hits="0"/><line number="734" hits="0"/><line number="735" hits="0"/><line number="739" hits="0"/><line number="740" hits="0"/><line number="741" hits="0"/><line number="743" hits="0"/></lines></class></classes></package><package name="src/adapters/google_cloud_storage" line-rate="0" branch-rate="0" complexity="0"><classes><class name="google_cloud_storage_adapter" filename="src/adapters/google_cloud_storage/google_cloud_storage_adapter.rs" line-rate="0" branch-rate="0" complexity="0"><methods/><lines><line number="34" hits="0"/><line number="35" hits="0"/><line number="36" hits="0"/><line number="37" hits="0"/><line number="38" hits="0"/><line number="41" hits="0"/><line number="42" hits="0"/><line number="43" hits="0"/><line number="44" hits="0"/><line number="45" hits="0"/><line number="52" hits="0"/><line number="53" hits="0"/><line number="55" hits="0"/><line number="56" hits="0"/><line number="59" hits="0"/><line number="60" hits="0"/><line number="68" hits="0"/><line number="69" hits="0"/><line number="71" hits="0"/><line number="73" hits="0"/><line number="74" hits="0"/><line number="77" hits="0"/><line number="78" hits="0"/><line number="79" hits="0"/><line number="80" hits="0"/><line number="81" hits="0"/><line number="84" hits="0"/><line number="85" hits="0"/><line number="86" hits="0"/><line number="87" hits="0"/><line number="94" hits="0"/><line number="95" hits="0"/><line number="97" hits="0"/><line number="101" hits="0"/><line number="103" hits="0"/><line number="104" hits="0"/><line number="105" hits="0"/><line number="106" hits="0"/><line number="109" hits="0"/><line number="110" hits="0"/><line number="111" hits="0"/><line number="112" hits="0"/><line number="115" hits="0"/><line number="116" hits="0"/><line number="117" hits="0"/><line number="118" hits="0"/><line number="119" hits="0"/><line number="126" hits="0"/><line number="127" hits="0"/><line number="128" hits="0"/><line number="129" hits="0"/><line number="131" hits="0"/><line number="139" hits="0"/><line number="140" hits="0"/><line number="141" hits="0"/><line number="143" hits="0"/><line number="145" hits="0"/><line number="148" hits="0"/><line number="149" hits="0"/><line number="150" hits="0"/><line number="151" hits="0"/><line number="152" hits="0"/><line number="160" hits="0"/><line number="161" hits="0"/><line number="163" hits="0"/><line number="164" hits="0"/><line number="166" hits="0"/><line number="169" hits="0"/><line number="177" hits="0"/><line number="178" hits="0"/><line number="179" hits="0"/><line number="180" hits="0"/><line number="181" hits="0"/><line number="182" hits="0"/><line number="190" hits="0"/><line number="191" hits="0"/><line number="192" hits="0"/><line number="193" hits="0"/><line number="201" hits="0"/><line number="202" hits="0"/><line number="203" hits="0"/><line number="212" hits="0"/><line number="214" hits="0"/><line number="215" hits="0"/><line number="216" hits="0"/><line number="217" hits="0"/><line number="220" hits="0"/><line number="221" hits="0"/><line number="224" hits="0"/><line number="225" hits="0"/><line number="226" hits="0"/><line number="227" hits="0"/><line number="228" hits="0"/><line number="232" hits="0"/><line number="233" hits="0"/><line number="234" hits="0"/><line number="235" hits="0"/><line number="239" hits="0"/><line number="240" hits="0"/><line number="241" hits="0"/><line number="242" hits="0"/><line number="246" hits="0"/><line number="247" hits="0"/><line number="248" hits="0"/><line number="249" hits="0"/><line number="253" hits="0"/><line number="254" hits="0"/><line number="255" hits="0"/><line number="256" hits="0"/><line number="260" hits="0"/><line number="261" hits="0"/><line number="262" hits="0"/><line number="263" hits="0"/><line number="267" hits="0"/><line number="272" hits="0"/><line number="274" hits="0"/><line number="277" hits="0"/><line number="279" hits="0"/><line number="282" hits="0"/><line number="283" hits="0"/><line number="284" hits="0"/><line number="285" hits="0"/><line number="288" hits="0"/><line number="289" hits="0"/><line number="291" hits="0"/><line number="292" hits="0"/><line number="293" hits="0"/><line number="297" hits="0"/><line number="304" hits="0"/><line number="306" hits="0"/><line number="307" hits="0"/><line number="308" hits="0"/><line number="312" hits="0"/><line number="319" hits="0"/><line number="320" hits="0"/><line number="322" hits="0"/><line number="323" hits="0"/><line number="324" hits="0"/><line number="326" hits="0"/><line number="329" hits="0"/><line number="337" hits="0"/><line number="338" hits="0"/><line number="340" hits="0"/><line number="342" hits="0"/><line number="343" hits="0"/><line number="346" hits="0"/><line number="347" hits="0"/><line number="348" hits="0"/><line number="349" hits="0"/><line number="350" hits="0"/><line number="353" hits="0"/><line number="354" hits="0"/><line number="355" hits="0"/><line number="356" hits="0"/><line number="359" hits="0"/><line number="360" hits="0"/><line number="361" hits="0"/><line number="362" hits="0"/><line number="363" hits="0"/><line number="371" hits="0"/><line number="372" hits="0"/><line number="374" hits="0"/><line number="376" hits="0"/><line number="377" hits="0"/><line number="384" hits="0"/><line number="385" hits="0"/><line number="387" hits="0"/><line number="388" hits="0"/><line number="389" hits="0"/><line number="392" hits="0"/><line number="399" hits="0"/><line number="400" hits="0"/><line number="402" hits="0"/><line number="403" hits="0"/><line number="404" hits="0"/><line number="407" hits="0"/><line number="415" hits="0"/><line number="416" hits="0"/><line number="418" hits="0"/><line number="420" hits="0"/><line number="421" hits="0"/><line number="424" hits="0"/><line number="425" hits="0"/><line number="426" hits="0"/><line number="428" hits="0"/><line number="429" hits="0"/><line number="432" hits="0"/><line number="433" hits="0"/><line number="434" hits="0"/><line number="435" hits="0"/><line number="436" hits="0"/><line number="439" hits="0"/><line number="440" hits="0"/><line number="441" hits="0"/><line number="442" hits="0"/><line number="443" hits="0"/><line number="450" hits="0"/><line number="451" hits="0"/><line number="453" hits="0"/><line number="454" hits="0"/><line number="457" hits="0"/><line number="458" hits="0"/><line number="466" hits="0"/><line number="467" hits="0"/><line number="469" hits="0"/><line number="471" hits="0"/><line number="472" hits="0"/><line number="475" hits="0"/><line number="476" hits="0"/><line number="477" hits="0"/><line number="478" hits="0"/><line number="479" hits="0"/><line number="482" hits="0"/><line number="483" hits="0"/><line number="484" hits="0"/><line number="485" hits="0"/><line number="486" hits="0"/><line number="493" hits="0"/><line number="494" hits="0"/><line number="495" hits="0"/><line number="496" hits="0"/><line number="499" hits="0"/><line number="500" hits="0"/><line number="501" hits="0"/><line number="502" hits="0"/><line number="503" hits="0"/><line number="506" hits="0"/><line number="507" hits="0"/><line number="511" hits="0"/><line number="513" hits="0"/><line number="514" hits="0"/><line number="515" hits="0"/><line number="516" hits="0"/><line number="519" hits="0"/><line number="521" hits="0"/><line number="525" hits="0"/><line number="526" hits="0"/><line number="531" hits="0"/><line number="537" hits="0"/><line number="538" hits="0"/><line number="541" hits="0"/><line number="542" hits="0"/><line number="546" hits="0"/><line number="547" hits="0"/><line number="548" hits="0"/><line number="549" hits="0"/><line number="551" hits="0"/><line number="554" hits="0"/><line number="558" hits="0"/><line number="559" hits="0"/><line number="560" hits="0"/><line number="563" hits="0"/><line number="564" hits="0"/><line number="565" hits="0"/><line number="568" hits="0"/><line number="569" hits="0"/><line number="570" hits="0"/><line number="573" hits="0"/><line number="574" hits="0"/><line number="575" hits="0"/><line number="578" hits="0"/><line number="579" hits="0"/><line number="580" hits="0"/><line number="583" hits="0"/><line number="584" hits="0"/><line number="585" hits="0"/><line number="588" hits="0"/><line number="589" hits="0"/><line number="590" hits="0"/><line number="593" hits="0"/><line number="594" hits="0"/><line number="595" hits="0"/><line number="598" hits="0"/><line number="599" hits="0"/><line number="600" hits="0"/><line number="603" hits="0"/><line number="604" hits="0"/><line number="605" hits="0"/><line number="608" hits="0"/><line number="609" hits="0"/><line number="610" hits="0"/><line number="613" hits="0"/><line number="614" hits="0"/><line number="615" hits="0"/><line number="618" hits="0"/><line number="619" hits="0"/><line number="620" hits="0"/><line number="623" hits="0"/><line number="624" hits="0"/><line number="625" hits="0"/><line number="628" hits="0"/><line number="629" hits="0"/><line number="630" hits="0"/><line number="633" hits="0"/><line number="634" hits="0"/><line number="636" hits="0"/><line number="639" hits="0"/><line number="646" hits="0"/><line number="647" hits="0"/><line number="650" hits="0"/><line number="652" hits="0"/><line number="655" hits="0"/><line number="657" hits="0"/><line number="658" hits="0"/><line number="660" hits="0"/><line number="663" hits="0"/><line number="665" hits="0"/><line number="666" hits="0"/><line number="669" hits="0"/><line number="671" hits="0"/><line number="677" hits="0"/><line number="678" hits="0"/><line number="680" hits="0"/><line number="681" hits="0"/><line number="682" hits="0"/><line number="683" hits="0"/><line number="685" hits="0"/><line number="687" hits="0"/><line number="688" hits="0"/><line number="689" hits="0"/><line number="690" hits="0"/><line number="691" hits="0"/><line number="696" hits="0"/><line number="697" hits="0"/><line number="700" hits="0"/><line number="701" hits="0"/><line number="702" hits="0"/><line number="703" hits="0"/><line number="705" hits="0"/><line number="707" hits="0"/><line number="709" hits="0"/><line number="712" hits="0"/><line number="713" hits="0"/><line number="714" hits="0"/><line number="716" hits="0"/><line number="718" hits="0"/><line number="719" hits="0"/><line number="723" hits="0"/></lines></class></classes></package><package name="src/adapters/redis" line-rate="0" branch-rate="0" complexity="0"><classes><class name="redis_adapter" filename="src/adapters/redis/redis_adapter.rs" line-rate="0" branch-rate="0" complexity="0"><methods/><lines><line number="32" hits="0"/><line number="33" hits="0"/><line number="34" hits="0"/><line number="35" hits="0"/><line number="38" hits="0"/><line number="39" hits="0"/><line number="40" hits="0"/><line number="41" hits="0"/><line number="48" hits="0"/><line number="49" hits="0"/><line number="50" hits="0"/><line number="58" hits="0"/><line number="59" hits="0"/><line number="60" hits="0"/><line number="61" hits="0"/><line number="64" hits="0"/><line number="65" hits="0"/><line number="66" hits="0"/><line number="67" hits="0"/><line number="68" hits="0"/><line number="71" hits="0"/><line number="72" hits="0"/><line number="73" hits="0"/><line number="74" hits="0"/><line number="81" hits="0"/><line number="82" hits="0"/><line number="84" hits="0"/><line number="88" hits="0"/><line number="89" hits="0"/><line number="90" hits="0"/><line number="91" hits="0"/><line number="94" hits="0"/><line number="95" hits="0"/><line number="96" hits="0"/><line number="97" hits="0"/><line number="100" hits="0"/><line number="101" hits="0"/><line number="102" hits="0"/><line number="103" hits="0"/><line number="111" hits="0"/><line number="112" hits="0"/><line number="121" hits="0"/><line number="122" hits="0"/><line number="123" hits="0"/><line number="130" hits="0"/><line number="131" hits="0"/><line number="132" hits="0"/><line number="140" hits="0"/><line number="141" hits="0"/><line number="142" hits="0"/><line number="143" hits="0"/><line number="146" hits="0"/><line number="147" hits="0"/><line number="148" hits="0"/><line number="149" hits="0"/><line number="150" hits="0"/><line number="158" hits="0"/><line number="159" hits="0"/><line number="160" hits="0"/><line number="168" hits="0"/><line number="169" hits="0"/><line number="170" hits="0"/><line number="171" hits="0"/><line number="172" hits="0"/><line number="180" hits="0"/><line number="181" hits="0"/><line number="182" hits="0"/><line number="185" hits="0"/><line number="187" hits="0"/><line number="190" hits="0"/><line number="192" hits="0"/><line number="195" hits="0"/><line number="196" hits="0"/><line number="197" hits="0"/><line number="198" hits="0"/><line number="201" hits="0"/><line number="202" hits="0"/><line number="204" hits="0"/><line number="205" hits="0"/><line number="206" hits="0"/><line number="210" hits="0"/><line number="217" hits="0"/><line number="219" hits="0"/><line number="220" hits="0"/><line number="221" hits="0"/><line number="225" hits="0"/><line number="232" hits="0"/><line number="240" hits="0"/><line number="241" hits="0"/><line number="242" hits="0"/><line number="243" hits="0"/><line number="246" hits="0"/><line number="247" hits="0"/><line number="248" hits="0"/><line number="249" hits="0"/><line number="252" hits="0"/><line number="253" hits="0"/><line number="254" hits="0"/><line number="255" hits="0"/><line number="258" hits="0"/><line number="259" hits="0"/><line number="260" hits="0"/><line number="261" hits="0"/><line number="269" hits="0"/><line number="270" hits="0"/><line number="271" hits="0"/><line number="272" hits="0"/><line number="274" hits="0"/><line number="281" hits="0"/><line number="282" hits="0"/><line number="283" hits="0"/><line number="290" hits="0"/><line number="291" hits="0"/><line number="292" hits="0"/><line number="300" hits="0"/><line number="301" hits="0"/><line number="302" hits="0"/><line number="303" hits="0"/><line number="305" hits="0"/><line number="308" hits="0"/><line number="309" hits="0"/><line number="310" hits="0"/><line number="311" hits="0"/><line number="314" hits="0"/><line number="315" hits="0"/><line number="316" hits="0"/><line number="317" hits="0"/><line number="320" hits="0"/><line number="321" hits="0"/><line number="322" hits="0"/><line number="323" hits="0"/><line number="330" hits="0"/><line number="338" hits="0"/><line number="339" hits="0"/><line number="340" hits="0"/><line number="341" hits="0"/><line number="344" hits="0"/><line number="345" hits="0"/><line number="346" hits="0"/><line number="347" hits="0"/><line number="348" hits="0"/><line number="351" hits="0"/><line number="352" hits="0"/><line number="353" hits="0"/><line number="354" hits="0"/><line number="355" hits="0"/><line number="356" hits="0"/><line number="357" hits="0"/><line number="365" hits="0"/><line number="366" hits="0"/><line number="367" hits="0"/><line number="370" hits="0"/><line number="371" hits="0"/><line number="372" hits="0"/><line number="374" hits="0"/><line number="375" hits="0"/><line number="377" hits="0"/><line number="378" hits="0"/><line number="379" hits="0"/><line number="381" hits="0"/><line number="382" hits="0"/><line number="384" hits="0"/><line number="388" hits="0"/><line number="391" hits="0"/><line number="392" hits="0"/><line number="394" hits="0"/><line number="395" hits="0"/><line number="396" hits="0"/><line number="397" hits="0"/><line number="400" hits="0"/><line number="401" hits="0"/><line number="402" hits="0"/><line number="403" hits="0"/><line number="404" hits="0"/><line number="407" hits="0"/><line number="408" hits="0"/><line number="409" hits="0"/><line number="410" hits="0"/><line number="413" hits="0"/><line number="414" hits="0"/><line number="415" hits="0"/><line number="416" hits="0"/><line number="417" hits="0"/><line number="420" hits="0"/><line number="421" hits="0"/><line number="422" hits="0"/><line number="423" hits="0"/><line number="424" hits="0"/><line number="427" hits="0"/><line number="428" hits="0"/><line number="429" hits="0"/><line number="430" hits="0"/><line number="431" hits="0"/><line number="434" hits="0"/><line number="441" hits="0"/><line number="442" hits="0"/><line number="445" hits="0"/><line number="446" hits="0"/><line number="449" hits="0"/><line number="450" hits="0"/><line number="452" hits="0"/><line number="455" hits="0"/><line number="457" hits="0"/><line number="459" hits="0"/><line number="460" hits="0"/><line number="462" hits="0"/><line number="463" hits="0"/><line number="468" hits="0"/><line number="469" hits="0"/><line number="472" hits="0"/><line number="478" hits="0"/><line number="479" hits="0"/><line number="480" hits="0"/><line number="481" hits="0"/><line number="482" hits="0"/><line number="485" hits="0"/><line number="488" hits="0"/><line number="492" hits="0"/><line number="494" hits="0"/><line number="496" hits="0"/><line number="497" hits="0"/><line number="500" hits="0"/><line number="503" hits="0"/><line number="504" hits="0"/><line number="507" hits="0"/><line number="508" hits="0"/><line number="511" hits="0"/><line number="512" hits="0"/><line number="515" hits="0"/><line number="516" hits="0"/><line number="519" hits="0"/><line number="520" hits="0"/><line number="523" hits="0"/><line number="524" hits="0"/><line number="527" hits="0"/><line number="528" hits="0"/><line number="531" hits="0"/><line number="532" hits="0"/><line number="535" hits="0"/><line number="536" hits="0"/><line number="539" hits="0"/><line number="540" hits="0"/><line number="543" hits="0"/><line number="544" hits="0"/><line number="547" hits="0"/><line number="548" hits="0"/><line number="551" hits="0"/><line number="552" hits="0"/><line number="555" hits="0"/><line number="556" hits="0"/><line number="559" hits="0"/><line number="560" hits="0"/><line number="565" hits="0"/><line number="567" hits="0"/><line number="568" hits="0"/><line number="570" hits="0"/><line number="571" hits="0"/><line number="578" hits="0"/><line number="580" hits="0"/><line number="581" hits="0"/></lines></class></classes></package><package name="src" line-rate="0.17968116725209402" branch-rate="0" complexity="0"><classes><class name="main" filename="src/main.rs" line-rate="0" branch-rate="0" complexity="0"><methods/><lines><line number="38" hits="0"/><line number="40" hits="0"/><line number="42" hits="0"/><line number="43" hits="0"/><line number="45" hits="0"/><line number="46" hits="0"/><line number="48" hits="0"/><line number="51" hits="0"/><line number="53" hits="0"/><line number="56" hits="0"/><line number="58" hits="0"/><line number="59" hits="0"/><line number="63" hits="0"/><line number="65" hits="0"/><line number="66" hits="0"/><line number="68" hits="0"/><line number="69" hits="0"/><line number="70" hits="0"/><line number="71" hits="0"/><line number="72" hits="0"/><line number="73" hits="0"/><line number="74" hits="0"/><line number="75" hits="0"/><line number="76" hits="0"/><line number="77" hits="0"/><line number="79" hits="0"/><line number="82" hits="0"/><line number="84" hits="0"/><line number="86" hits="0"/><line number="89" hits="0"/><line number="90" hits="0"/><line number="91" hits="0"/><line number="93" hits="0"/><line number="95" hits="0"/><line number="98" hits="0"/><line number="99" hits="0"/><line number="101" hits="0"/><line number="102" hits="0"/><line number="103" hits="0"/><line number="104" hits="0"/><line number="108" hits="0"/><line number="109" hits="0"/><line number="110" hits="0"/><line number="111" hits="0"/><line number="112" hits="0"/><line number="116" hits="0"/><line number="117" hits="0"/><line number="121" hits="0"/><line number="122" hits="0"/><line number="123" hits="0"/><line number="124" hits="0"/><line number="126" hits="0"/></lines></class></classes></package></packages></coverage>